Log file open, 01/15/20 18:58:29
LogWindows: Failed to load 'aqProf.dll' (GetLastError=126)
LogWindows: File 'aqProf.dll' does not exist
LogWindows: Failed to load 'VtuneApi.dll' (GetLastError=126)
LogWindows: File 'VtuneApi.dll' does not exist
LogWindows: Failed to load 'VtuneApi32e.dll' (GetLastError=126)
LogWindows: File 'VtuneApi32e.dll' does not exist
LogConsoleResponse: Display: Failed to find resolution value strings in scalability ini. Falling back to default.
LogInit: Display: Running engine for game: NataliaNestorowicz
LogPakFile: Registered encryption key '00000000000000000000000000000000': 0 pak files mounted, 0 remain pending
LogPlatformFile: Not using cached read wrapper
LogTaskGraph: Started task graph with 5 named threads and 23 total threads with 3 sets of task threads.
LogStats: Stats thread started at 0.441569
LogD3D11RHI: Loaded GFSDK_Aftermath_Lib.x64.dll
LogICUInternationalization: ICU TimeZone Detection - Raw Offset: +1:00, Platform Override: ''
LogPluginManager: Mounting plugin Paper2D
LogPluginManager: Mounting plugin AISupport
LogPluginManager: Mounting plugin LightPropagationVolume
LogPluginManager: Mounting plugin ActorLayerUtilities
LogPluginManager: Mounting plugin AnimationSharing
LogPluginManager: Mounting plugin CLionSourceCodeAccess
LogPluginManager: Mounting plugin CodeLiteSourceCodeAccess
LogPluginManager: Mounting plugin GitSourceControl
LogPluginManager: Mounting plugin KDevelopSourceCodeAccess
LogPluginManager: Mounting plugin NullSourceCodeAccess
LogPluginManager: Mounting plugin PerforceSourceControl
LogPluginManager: Mounting plugin SubversionSourceControl
LogPluginManager: Mounting plugin UObjectPlugin
LogPluginManager: Mounting plugin VisualStudioCodeSourceCodeAccess
LogPluginManager: Mounting plugin VisualStudioSourceCodeAccess
LogPluginManager: Mounting plugin XCodeSourceCodeAccess
LogPluginManager: Mounting plugin AssetManagerEditor
LogPluginManager: Mounting plugin CryptoKeys
LogPluginManager: Mounting plugin DataValidation
LogPluginManager: Mounting plugin FacialAnimation
LogPluginManager: Mounting plugin GameplayTagsEditor
LogPluginManager: Mounting plugin MacGraphicsSwitching
LogPluginManager: Mounting plugin MaterialAnalyzer
LogPluginManager: Mounting plugin MobileLauncherProfileWizard
LogPluginManager: Mounting plugin PluginBrowser
LogPluginManager: Mounting plugin SpeedTreeImporter
LogPluginManager: Mounting plugin DatasmithContent
LogPluginManager: Mounting plugin VariantManagerContent
LogPluginManager: Mounting plugin AlembicImporter
LogPluginManager: Mounting plugin AppleImageUtils
LogPluginManager: Mounting plugin AppleVision
LogPluginManager: Mounting plugin BackChannel
LogPluginManager: Mounting plugin CharacterAI
LogPluginManager: Mounting plugin GeometryCache
LogPluginManager: Mounting plugin HTML5Networking
LogPluginManager: Mounting plugin ProxyLODPlugin
LogPluginManager: Mounting plugin SkeletalReduction
LogPluginManager: Mounting plugin MagicLeap
LogPluginManager: Mounting plugin MagicLeapMedia
LogPluginManager: Mounting plugin AndroidMedia
LogPluginManager: Mounting plugin AvfMedia
LogPluginManager: Mounting plugin ImgMedia
LogPluginManager: Mounting plugin LinearTimecode
LogPluginManager: Mounting plugin MediaCompositing
LogPluginManager: Mounting plugin MediaPlayerEditor
LogPluginManager: Mounting plugin WebMMedia
LogPluginManager: Mounting plugin WmfMedia
LogPluginManager: Mounting plugin TcpMessaging
LogPluginManager: Mounting plugin UdpMessaging
LogPluginManager: Mounting plugin ActorSequence
LogPluginManager: Mounting plugin LevelSequenceEditor
LogPluginManager: Mounting plugin MatineeToLevelSequence
LogPluginManager: Mounting plugin NetcodeUnitTest
LogPluginManager: Mounting plugin NUTUnrealEngine4
LogPluginManager: Mounting plugin OnlineSubsystemGooglePlay
LogPluginManager: Mounting plugin OnlineSubsystemIOS
LogPluginManager: Mounting plugin OnlineSubsystem
LogPluginManager: Mounting plugin OnlineSubsystemNull
LogPluginManager: Mounting plugin OnlineSubsystemUtils
LogPluginManager: Mounting plugin LauncherChunkInstaller
LogPluginManager: Mounting plugin AndroidDeviceProfileSelector
LogPluginManager: Mounting plugin AndroidMoviePlayer
LogPluginManager: Mounting plugin AndroidPermission
LogPluginManager: Mounting plugin AppleMoviePlayer
LogPluginManager: Mounting plugin ArchVisCharacter
LogPluginManager: Mounting plugin AudioCapture
LogPluginManager: Mounting plugin CableComponent
LogPluginManager: Mounting plugin CustomMeshComponent
LogPluginManager: Mounting plugin EditableMesh
LogPluginManager: Mounting plugin ExampleDeviceProfileSelector
LogPluginManager: Mounting plugin Firebase
LogPluginManager: Mounting plugin GoogleCloudMessaging
LogPluginManager: Mounting plugin IOSDeviceProfileSelector
LogPluginManager: Mounting plugin LinuxDeviceProfileSelector
LogPluginManager: Mounting plugin LocationServicesBPLibrary
LogPluginManager: Mounting plugin MobilePatchingUtils
LogPluginManager: Mounting plugin OculusVR
LogPluginManager: Mounting plugin PhysXVehicles
LogPluginManager: Mounting plugin ProceduralMeshComponent
LogPluginManager: Mounting plugin RuntimePhysXCooking
LogPluginManager: Mounting plugin SignificanceManager
LogPluginManager: Mounting plugin SteamVR
LogPluginManager: Mounting plugin WebMMoviePlayer
LogPluginManager: Mounting plugin WindowsMoviePlayer
LogInit: Using libcurl 7.55.1-DEV
LogInit:  - built for x86_64-pc-win32
LogInit:  - supports SSL with OpenSSL/1.1.1
LogInit:  - supports HTTP deflate (compression) using libz 1.2.8
LogInit:  - other features:
LogInit:      CURL_VERSION_SSL
LogInit:      CURL_VERSION_LIBZ
LogInit:      CURL_VERSION_IPV6
LogInit:      CURL_VERSION_ASYNCHDNS
LogInit:      CURL_VERSION_LARGEFILE
LogInit:      CURL_VERSION_IDN
LogInit:  CurlRequestOptions (configurable via config and command line):
LogInit:  - bVerifyPeer = true  - Libcurl will verify peer certificate
LogInit:  - bUseHttpProxy = false  - Libcurl will NOT use HTTP proxy
LogInit:  - bDontReuseConnections = false  - Libcurl will reuse connections
LogInit:  - MaxHostConnections = 16  - Libcurl will limit the number of connections to a host
LogInit:  - LocalHostAddr = Default
LogInit:  - BufferSize = 65536
LogInit: WinSock: version 1.1 (2.2), MaxSocks=32767, MaxUdp=65467
LogInit: Build: ++UE4+Release-4.22-CL-7053642
LogInit: Engine Version: 4.22.3-7053642+++UE4+Release-4.22
LogInit: Compatible Engine Version: 4.22.0-5660361+++UE4+Release-4.22
LogInit: Net CL: 5660361
LogInit: OS: Windows 10 (Release 1909) (), CPU: Intel(R) Core(TM) i7-7700HQ CPU @ 2.80GHz, GPU: Intel(R) HD Graphics 630
LogInit: Compiled (64-bit): Jun 18 2019 03:09:11
LogInit: Compiled with Visual C++: 19.16.27025.01
LogInit: Build Configuration: Development
LogInit: Branch Name: ++UE4+Release-4.22
LogInit: Command Line: 
LogInit: Base Directory: C:/Program Files/Epic Games/UE_4.22/Engine/Binaries/Win64/
LogInit: Installed Engine Build: 1
LogDevObjectVersion: Number of dev versions registered: 23
LogDevObjectVersion:   Dev-Blueprints (B0D832E4-1F89-4F0D-ACCF-7EB736FD4AA2): 10
LogDevObjectVersion:   Dev-Build (E1C64328-A22C-4D53-A36C-8E866417BD8C): 0
LogDevObjectVersion:   Dev-Core (375EC13C-06E4-48FB-B500-84F0262A717E): 3
LogDevObjectVersion:   Dev-Editor (E4B068ED-F494-42E9-A231-DA0B2E46BB41): 30
LogDevObjectVersion:   Dev-Framework (CFFC743F-43B0-4480-9391-14DF171D2073): 35
LogDevObjectVersion:   Dev-Mobile (B02B49B5-BB20-44E9-A304-32B752E40360): 2
LogDevObjectVersion:   Dev-Networking (A4E4105C-59A1-49B5-A7C5-40C4547EDFEE): 0
LogDevObjectVersion:   Dev-Online (39C831C9-5AE6-47DC-9A44-9C173E1C8E7C): 0
LogDevObjectVersion:   Dev-Physics (78F01B33-EBEA-4F98-B9B4-84EACCB95AA2): 0
LogDevObjectVersion:   Dev-Platform (6631380F-2D4D-43E0-8009-CF276956A95A): 0
LogDevObjectVersion:   Dev-Rendering (12F88B9F-8875-4AFC-A67C-D90C383ABD29): 28
LogDevObjectVersion:   Dev-Sequencer (7B5AE74C-D270-4C10-A958-57980B212A5A): 11
LogDevObjectVersion:   Dev-VR (D7296918-1DD6-4BDD-9DE2-64A83CC13884): 2
LogDevObjectVersion:   Dev-LoadTimes (C2A15278-BFE7-4AFE-6C17-90FF531DF755): 1
LogDevObjectVersion:   Private-Geometry (6EACA3D4-40EC-4CC1-B786-8BED09428FC5): 3
LogDevObjectVersion:   Dev-AnimPhys (29E575DD-E0A3-4627-9D10-D276232CDCEA): 17
LogDevObjectVersion:   Dev-Anim (AF43A65D-7FD3-4947-9873-3E8ED9C1BB05): 2
LogDevObjectVersion:   Dev-ReflectionCapture (6B266CEC-1EC7-4B8F-A30B-E4D90942FC07): 1
LogDevObjectVersion:   Dev-Automation (0DF73D61-A23F-47EA-B727-89E90C41499A): 1
LogDevObjectVersion:   FortniteMain (601D1886-AC64-4F84-AA16-D3DE0DEAC7D6): 25
LogDevObjectVersion:   Dev-Enterprise (9DFFBCD6-494F-0158-E221-12823C92A888): 6
LogDevObjectVersion:   Dev-Niagara (F2AED0AC-9AFE-416F-8664-AA7FFA26D6FC): 1
LogDevObjectVersion:   Dev-Destruction (174F1F0B-B4C6-45A5-B13F-2EE8D0FB917D): 2
LogInit: Presizing for max 16777216 objects, including 0 objects not considered by GC, pre-allocating 0 bytes for permanent pool.
LogInit: Object subsystem initialized
LogConfig: Setting CVar [[con.DebugEarlyDefault:1]]
LogConfig: Setting CVar [[r.setres:1280x720]]
[2020.01.15-17.58.29:630][  0]LogConfig: Setting CVar [[r.VSync:0]]
[2020.01.15-17.58.29:630][  0]LogConfig: Setting CVar [[r.RHICmdBypass:0]]
[2020.01.15-17.58.29:630][  0]LogConfig: Applying CVar settings from Section [/Script/Engine.RendererSettings] File [D:/PULPIT/studia/programowanie/UnrealEngine/NataliaNestorowicz/Saved/Config/Windows/Engine.ini]
[2020.01.15-17.58.29:630][  0]LogConfig: Setting CVar [[r.GPUCrashDebugging:0]]
[2020.01.15-17.58.29:630][  0]LogConfig: Applying CVar settings from Section [/Script/Engine.RendererOverrideSettings] File [D:/PULPIT/studia/programowanie/UnrealEngine/NataliaNestorowicz/Saved/Config/Windows/Engine.ini]
[2020.01.15-17.58.29:630][  0]LogConfig: Applying CVar settings from Section [/Script/Engine.StreamingSettings] File [D:/PULPIT/studia/programowanie/UnrealEngine/NataliaNestorowicz/Saved/Config/Windows/Engine.ini]
[2020.01.15-17.58.29:630][  0]LogConfig: Setting CVar [[s.MinBulkDataSizeForAsyncLoading:131072]]
[2020.01.15-17.58.29:630][  0]LogConfig: Setting CVar [[s.AsyncLoadingThreadEnabled:0]]
[2020.01.15-17.58.29:630][  0]LogConfig: Setting CVar [[s.EventDrivenLoaderEnabled:1]]
[2020.01.15-17.58.29:630][  0]LogConfig: Setting CVar [[s.WarnIfTimeLimitExceeded:0]]
[2020.01.15-17.58.29:630][  0]LogConfig: Setting CVar [[s.TimeLimitExceededMultiplier:1.5]]
[2020.01.15-17.58.29:630][  0]LogConfig: Setting CVar [[s.TimeLimitExceededMinTime:0.005]]
[2020.01.15-17.58.29:630][  0]LogConfig: Setting CVar [[s.UseBackgroundLevelStreaming:1]]
[2020.01.15-17.58.29:630][  0]LogConfig: Setting CVar [[s.PriorityAsyncLoadingExtraTime:15.0]]
[2020.01.15-17.58.29:630][  0]LogConfig: Setting CVar [[s.LevelStreamingActorsUpdateTimeLimit:5.0]]
[2020.01.15-17.58.29:630][  0]LogConfig: Setting CVar [[s.PriorityLevelStreamingActorsUpdateExtraTime:5.0]]
[2020.01.15-17.58.29:630][  0]LogConfig: Setting CVar [[s.LevelStreamingComponentsRegistrationGranularity:10]]
[2020.01.15-17.58.29:630][  0]LogConfig: Setting CVar [[s.UnregisterComponentsTimeLimit:1.0]]
[2020.01.15-17.58.29:630][  0]LogConfig: Setting CVar [[s.LevelStreamingComponentsUnregistrationGranularity:5]]
[2020.01.15-17.58.29:630][  0]LogConfig: Applying CVar settings from Section [/Script/Engine.GarbageCollectionSettings] File [D:/PULPIT/studia/programowanie/UnrealEngine/NataliaNestorowicz/Saved/Config/Windows/Engine.ini]
[2020.01.15-17.58.29:630][  0]LogConfig: Setting CVar [[gc.MaxObjectsNotConsideredByGC:1]]
[2020.01.15-17.58.29:630][  0]LogConfig: Setting CVar [[gc.SizeOfPermanentObjectPool:0]]
[2020.01.15-17.58.29:630][  0]LogConfig: Setting CVar [[gc.FlushStreamingOnGC:0]]
[2020.01.15-17.58.29:630][  0]LogConfig: Setting CVar [[gc.NumRetriesBeforeForcingGC:10]]
[2020.01.15-17.58.29:630][  0]LogConfig: Setting CVar [[gc.AllowParallelGC:1]]
[2020.01.15-17.58.29:630][  0]LogConfig: Setting CVar [[gc.TimeBetweenPurgingPendingKillObjects:61.1]]
[2020.01.15-17.58.29:630][  0]LogConfig: Setting CVar [[gc.MaxObjectsInEditor:16777216]]
[2020.01.15-17.58.29:630][  0]LogConfig: Setting CVar [[gc.IncrementalBeginDestroyEnabled:1]]
[2020.01.15-17.58.29:630][  0]LogConfig: Setting CVar [[gc.CreateGCClusters:1]]
[2020.01.15-17.58.29:630][  0]LogConfig: Setting CVar [[gc.MinGCClusterSize:5]]
[2020.01.15-17.58.29:630][  0]LogConfig: Setting CVar [[gc.ActorClusteringEnabled:0]]
[2020.01.15-17.58.29:630][  0]LogConfig: Setting CVar [[gc.BlueprintClusteringEnabled:0]]
[2020.01.15-17.58.29:630][  0]LogConfig: Setting CVar [[gc.UseDisregardForGCOnDedicatedServers:0]]
[2020.01.15-17.58.29:630][  0]LogConfig: Applying CVar settings from Section [/Script/Engine.NetworkSettings] File [D:/PULPIT/studia/programowanie/UnrealEngine/NataliaNestorowicz/Saved/Config/Windows/Engine.ini]
[2020.01.15-17.58.29:630][  0]LogConfig: Applying CVar settings from Section [/Script/UnrealEd.CookerSettings] File [D:/PULPIT/studia/programowanie/UnrealEngine/NataliaNestorowicz/Saved/Config/Windows/Engine.ini]
[2020.01.15-17.58.29:633][  0]LogConfig: Applying CVar settings from Section [ViewDistanceQuality@3] File [D:/PULPIT/studia/programowanie/UnrealEngine/NataliaNestorowicz/Saved/Config/Windows/Scalability.ini]
[2020.01.15-17.58.29:633][  0]LogConfig: Setting CVar [[r.SkeletalMeshLODBias:0]]
[2020.01.15-17.58.29:633][  0]LogConfig: Setting CVar [[r.ViewDistanceScale:1.0]]
[2020.01.15-17.58.29:633][  0]LogConfig: Applying CVar settings from Section [AntiAliasingQuality@3] File [D:/PULPIT/studia/programowanie/UnrealEngine/NataliaNestorowicz/Saved/Config/Windows/Scalability.ini]
[2020.01.15-17.58.29:633][  0]LogConfig: Setting CVar [[r.PostProcessAAQuality:4]]
[2020.01.15-17.58.29:633][  0]LogConfig: Applying CVar settings from Section [ShadowQuality@3] File [D:/PULPIT/studia/programowanie/UnrealEngine/NataliaNestorowicz/Saved/Config/Windows/Scalability.ini]
[2020.01.15-17.58.29:633][  0]LogConfig: Setting CVar [[r.LightFunctionQuality:1]]
[2020.01.15-17.58.29:633][  0]LogConfig: Setting CVar [[r.ShadowQuality:5]]
[2020.01.15-17.58.29:633][  0]LogConfig: Setting CVar [[r.Shadow.CSM.MaxCascades:10]]
[2020.01.15-17.58.29:633][  0]LogConfig: Setting CVar [[r.Shadow.MaxResolution:2048]]
[2020.01.15-17.58.29:633][  0]LogConfig: Setting CVar [[r.Shadow.MaxCSMResolution:2048]]
[2020.01.15-17.58.29:633][  0]LogConfig: Setting CVar [[r.Shadow.RadiusThreshold:0.01]]
[2020.01.15-17.58.29:633][  0]LogConfig: Setting CVar [[r.Shadow.DistanceScale:1.0]]
[2020.01.15-17.58.29:633][  0]LogConfig: Setting CVar [[r.Shadow.CSM.TransitionScale:1.0]]
[2020.01.15-17.58.29:633][  0]LogConfig: Setting CVar [[r.Shadow.PreShadowResolutionFactor:1.0]]
[2020.01.15-17.58.29:633][  0]LogConfig: Setting CVar [[r.DistanceFieldShadowing:1]]
[2020.01.15-17.58.29:633][  0]LogConfig: Setting CVar [[r.DistanceFieldAO:1]]
[2020.01.15-17.58.29:633][  0]LogConfig: Setting CVar [[r.AOQuality:2]]
[2020.01.15-17.58.29:633][  0]LogConfig: Setting CVar [[r.VolumetricFog:1]]
[2020.01.15-17.58.29:633][  0]LogConfig: Setting CVar [[r.VolumetricFog.GridPixelSize:8]]
[2020.01.15-17.58.29:633][  0]LogConfig: Setting CVar [[r.VolumetricFog.GridSizeZ:128]]
[2020.01.15-17.58.29:633][  0]LogConfig: Setting CVar [[r.VolumetricFog.HistoryMissSupersampleCount:4]]
[2020.01.15-17.58.29:633][  0]LogConfig: Setting CVar [[r.LightMaxDrawDistanceScale:1]]
[2020.01.15-17.58.29:633][  0]LogConfig: Setting CVar [[r.CapsuleShadows:1]]
[2020.01.15-17.58.29:634][  0]LogConfig: Applying CVar settings from Section [PostProcessQuality@3] File [D:/PULPIT/studia/programowanie/UnrealEngine/NataliaNestorowicz/Saved/Config/Windows/Scalability.ini]
[2020.01.15-17.58.29:634][  0]LogConfig: Setting CVar [[r.MotionBlurQuality:4]]
[2020.01.15-17.58.29:634][  0]LogConfig: Setting CVar [[r.AmbientOcclusionMipLevelFactor:0.4]]
[2020.01.15-17.58.29:634][  0]LogConfig: Setting CVar [[r.AmbientOcclusionMaxQuality:100]]
[2020.01.15-17.58.29:634][  0]LogConfig: Setting CVar [[r.AmbientOcclusionLevels:-1]]
[2020.01.15-17.58.29:634][  0]LogConfig: Setting CVar [[r.AmbientOcclusionRadiusScale:1.0]]
[2020.01.15-17.58.29:634][  0]LogConfig: Setting CVar [[r.DepthOfFieldQuality:2]]
[2020.01.15-17.58.29:634][  0]LogConfig: Setting CVar [[r.RenderTargetPoolMin:400]]
[2020.01.15-17.58.29:634][  0]LogConfig: Setting CVar [[r.LensFlareQuality:2]]
[2020.01.15-17.58.29:634][  0]LogConfig: Setting CVar [[r.SceneColorFringeQuality:1]]
[2020.01.15-17.58.29:634][  0]LogConfig: Setting CVar [[r.EyeAdaptationQuality:2]]
[2020.01.15-17.58.29:634][  0]LogConfig: Setting CVar [[r.BloomQuality:5]]
[2020.01.15-17.58.29:634][  0]LogConfig: Setting CVar [[r.FastBlurThreshold:100]]
[2020.01.15-17.58.29:634][  0]LogConfig: Setting CVar [[r.Upscale.Quality:3]]
[2020.01.15-17.58.29:634][  0]LogConfig: Setting CVar [[r.Tonemapper.GrainQuantization:1]]
[2020.01.15-17.58.29:634][  0]LogConfig: Setting CVar [[r.LightShaftQuality:1]]
[2020.01.15-17.58.29:634][  0]LogConfig: Setting CVar [[r.Filter.SizeScale:1]]
[2020.01.15-17.58.29:634][  0]LogConfig: Setting CVar [[r.Tonemapper.Quality:5]]
[2020.01.15-17.58.29:634][  0]LogConfig: Setting CVar [[r.DOF.Gather.AccumulatorQuality:1        ; higher gathering accumulator quality]]
[2020.01.15-17.58.29:634][  0]LogConfig: Setting CVar [[r.DOF.Gather.PostfilterMethod:1          ; Median3x3 postfilering method]]
[2020.01.15-17.58.29:634][  0]LogConfig: Setting CVar [[r.DOF.Gather.EnableBokehSettings:0       ; no bokeh simulation when gathering]]
[2020.01.15-17.58.29:634][  0]LogConfig: Setting CVar [[r.DOF.Gather.RingCount:4                 ; medium number of samples when gathering]]
[2020.01.15-17.58.29:634][  0]LogConfig: Setting CVar [[r.DOF.Scatter.ForegroundCompositing:1    ; additive foreground scattering]]
[2020.01.15-17.58.29:634][  0]LogConfig: Setting CVar [[r.DOF.Scatter.BackgroundCompositing:2    ; additive background scattering]]
[2020.01.15-17.58.29:634][  0]LogConfig: Setting CVar [[r.DOF.Scatter.EnableBokehSettings:1      ; bokeh simulation when scattering]]
[2020.01.15-17.58.29:634][  0]LogConfig: Setting CVar [[r.DOF.Scatter.MaxSpriteRatio:0.1         ; only a maximum of 10% of scattered bokeh]]
[2020.01.15-17.58.29:634][  0]LogConfig: Setting CVar [[r.DOF.Recombine.Quality:1                ; cheap slight out of focus]]
[2020.01.15-17.58.29:634][  0]LogConfig: Setting CVar [[r.DOF.Recombine.EnableBokehSettings:0    ; no bokeh simulation on slight out of focus]]
[2020.01.15-17.58.29:634][  0]LogConfig: Setting CVar [[r.DOF.TemporalAAQuality:1                ; more stable temporal accumulation]]
[2020.01.15-17.58.29:634][  0]LogConfig: Setting CVar [[r.DOF.Kernel.MaxForegroundRadius:0.025]]
[2020.01.15-17.58.29:634][  0]LogConfig: Setting CVar [[r.DOF.Kernel.MaxBackgroundRadius:0.025]]
[2020.01.15-17.58.29:634][  0]LogConfig: Applying CVar settings from Section [TextureQuality@3] File [D:/PULPIT/studia/programowanie/UnrealEngine/NataliaNestorowicz/Saved/Config/Windows/Scalability.ini]
[2020.01.15-17.58.29:634][  0]LogConfig: Setting CVar [[r.Streaming.MipBias:0]]
[2020.01.15-17.58.29:634][  0]LogConfig: Setting CVar [[r.Streaming.AmortizeCPUToGPUCopy:0]]
[2020.01.15-17.58.29:634][  0]LogConfig: Setting CVar [[r.Streaming.MaxNumTexturesToStreamPerFrame:0]]
[2020.01.15-17.58.29:634][  0]LogConfig: Setting CVar [[r.Streaming.Boost:1]]
[2020.01.15-17.58.29:634][  0]LogConfig: Setting CVar [[r.MaxAnisotropy:8]]
[2020.01.15-17.58.29:634][  0]LogConfig: Setting CVar [[r.Streaming.LimitPoolSizeToVRAM:0]]
[2020.01.15-17.58.29:634][  0]LogConfig: Setting CVar [[r.Streaming.PoolSize:1000]]
[2020.01.15-17.58.29:634][  0]LogConfig: Setting CVar [[r.Streaming.MaxEffectiveScreenSize:0]]
[2020.01.15-17.58.29:634][  0]LogConfig: Applying CVar settings from Section [EffectsQuality@3] File [D:/PULPIT/studia/programowanie/UnrealEngine/NataliaNestorowicz/Saved/Config/Windows/Scalability.ini]
[2020.01.15-17.58.29:634][  0]LogConfig: Setting CVar [[r.TranslucencyLightingVolumeDim:64]]
[2020.01.15-17.58.29:634][  0]LogConfig: Setting CVar [[r.RefractionQuality:2]]
[2020.01.15-17.58.29:634][  0]LogConfig: Setting CVar [[r.SSR.Quality:3]]
[2020.01.15-17.58.29:634][  0]LogConfig: Setting CVar [[r.SceneColorFormat:4]]
[2020.01.15-17.58.29:634][  0]LogConfig: Setting CVar [[r.DetailMode:2]]
[2020.01.15-17.58.29:634][  0]LogConfig: Setting CVar [[r.TranslucencyVolumeBlur:1]]
[2020.01.15-17.58.29:634][  0]LogConfig: Setting CVar [[r.MaterialQualityLevel:1 ; High quality]]
[2020.01.15-17.58.29:634][  0]LogConfig: Setting CVar [[r.SSS.Scale:1]]
[2020.01.15-17.58.29:634][  0]LogConfig: Setting CVar [[r.SSS.SampleSet:2]]
[2020.01.15-17.58.29:634][  0]LogConfig: Setting CVar [[r.SSS.Quality:1]]
[2020.01.15-17.58.29:634][  0]LogConfig: Setting CVar [[r.SSS.HalfRes:1]]
[2020.01.15-17.58.29:634][  0]LogConfig: Setting CVar [[r.EmitterSpawnRateScale:1.0]]
[2020.01.15-17.58.29:634][  0]LogConfig: Setting CVar [[r.ParticleLightQuality:2]]
[2020.01.15-17.58.29:634][  0]LogConfig: Applying CVar settings from Section [FoliageQuality@3] File [D:/PULPIT/studia/programowanie/UnrealEngine/NataliaNestorowicz/Saved/Config/Windows/Scalability.ini]
[2020.01.15-17.58.29:634][  0]LogConfig: Setting CVar [[foliage.DensityScale:1.0]]
[2020.01.15-17.58.29:634][  0]LogConfig: Setting CVar [[grass.DensityScale:1.0]]
[2020.01.15-17.58.29:634][  0]LogInit: Selected Device Profile: [Windows]
[2020.01.15-17.58.29:634][  0]LogInit: Applying CVar settings loaded from the selected device profile: [Windows]
[2020.01.15-17.58.29:643][  0]LogHAL: Display: Platform has ~ 8 GB [8470065152 / 8589934592 / 8], which maps to Default [LargestMinGB=32, LargerMinGB=12, DefaultMinGB=8, SmallerMinGB=6, SmallestMinGB=0)
[2020.01.15-17.58.29:643][  0]LogConfig: Setting CVar [[r.Vulkan.UseRealUBs:0		; Required until we fix HLR fall-out]]
[2020.01.15-17.58.29:643][  0]LogInit: Going up to parent DeviceProfile []
[2020.01.15-17.58.29:643][  0]LogConfig: Applying CVar settings from Section [ViewDistanceQuality@3] File [D:/PULPIT/studia/programowanie/UnrealEngine/NataliaNestorowicz/Saved/Config/Windows/Scalability.ini]
[2020.01.15-17.58.29:643][  0]LogConfig: Setting CVar [[r.SkeletalMeshLODBias:0]]
[2020.01.15-17.58.29:643][  0]LogConfig: Setting CVar [[r.ViewDistanceScale:1.0]]
[2020.01.15-17.58.29:643][  0]LogConfig: Applying CVar settings from Section [AntiAliasingQuality@3] File [D:/PULPIT/studia/programowanie/UnrealEngine/NataliaNestorowicz/Saved/Config/Windows/Scalability.ini]
[2020.01.15-17.58.29:643][  0]LogConfig: Setting CVar [[r.PostProcessAAQuality:4]]
[2020.01.15-17.58.29:643][  0]LogConfig: Applying CVar settings from Section [ShadowQuality@3] File [D:/PULPIT/studia/programowanie/UnrealEngine/NataliaNestorowicz/Saved/Config/Windows/Scalability.ini]
[2020.01.15-17.58.29:643][  0]LogConfig: Setting CVar [[r.LightFunctionQuality:1]]
[2020.01.15-17.58.29:644][  0]LogConfig: Setting CVar [[r.ShadowQuality:5]]
[2020.01.15-17.58.29:644][  0]LogConfig: Setting CVar [[r.Shadow.CSM.MaxCascades:10]]
[2020.01.15-17.58.29:644][  0]LogConfig: Setting CVar [[r.Shadow.MaxResolution:2048]]
[2020.01.15-17.58.29:644][  0]LogConfig: Setting CVar [[r.Shadow.MaxCSMResolution:2048]]
[2020.01.15-17.58.29:644][  0]LogConfig: Setting CVar [[r.Shadow.RadiusThreshold:0.01]]
[2020.01.15-17.58.29:644][  0]LogConfig: Setting CVar [[r.Shadow.DistanceScale:1.0]]
[2020.01.15-17.58.29:644][  0]LogConfig: Setting CVar [[r.Shadow.CSM.TransitionScale:1.0]]
[2020.01.15-17.58.29:644][  0]LogConfig: Setting CVar [[r.Shadow.PreShadowResolutionFactor:1.0]]
[2020.01.15-17.58.29:644][  0]LogConfig: Setting CVar [[r.DistanceFieldShadowing:1]]
[2020.01.15-17.58.29:644][  0]LogConfig: Setting CVar [[r.DistanceFieldAO:1]]
[2020.01.15-17.58.29:644][  0]LogConfig: Setting CVar [[r.AOQuality:2]]
[2020.01.15-17.58.29:644][  0]LogConfig: Setting CVar [[r.VolumetricFog:1]]
[2020.01.15-17.58.29:644][  0]LogConfig: Setting CVar [[r.VolumetricFog.GridPixelSize:8]]
[2020.01.15-17.58.29:644][  0]LogConfig: Setting CVar [[r.VolumetricFog.GridSizeZ:128]]
[2020.01.15-17.58.29:644][  0]LogConfig: Setting CVar [[r.VolumetricFog.HistoryMissSupersampleCount:4]]
[2020.01.15-17.58.29:644][  0]LogConfig: Setting CVar [[r.LightMaxDrawDistanceScale:1]]
[2020.01.15-17.58.29:644][  0]LogConfig: Setting CVar [[r.CapsuleShadows:1]]
[2020.01.15-17.58.29:644][  0]LogConfig: Applying CVar settings from Section [PostProcessQuality@3] File [D:/PULPIT/studia/programowanie/UnrealEngine/NataliaNestorowicz/Saved/Config/Windows/Scalability.ini]
[2020.01.15-17.58.29:644][  0]LogConfig: Setting CVar [[r.MotionBlurQuality:4]]
[2020.01.15-17.58.29:644][  0]LogConfig: Setting CVar [[r.AmbientOcclusionMipLevelFactor:0.4]]
[2020.01.15-17.58.29:644][  0]LogConfig: Setting CVar [[r.AmbientOcclusionMaxQuality:100]]
[2020.01.15-17.58.29:644][  0]LogConfig: Setting CVar [[r.AmbientOcclusionLevels:-1]]
[2020.01.15-17.58.29:644][  0]LogConfig: Setting CVar [[r.AmbientOcclusionRadiusScale:1.0]]
[2020.01.15-17.58.29:644][  0]LogConfig: Setting CVar [[r.DepthOfFieldQuality:2]]
[2020.01.15-17.58.29:644][  0]LogConfig: Setting CVar [[r.RenderTargetPoolMin:400]]
[2020.01.15-17.58.29:644][  0]LogConfig: Setting CVar [[r.LensFlareQuality:2]]
[2020.01.15-17.58.29:644][  0]LogConfig: Setting CVar [[r.SceneColorFringeQuality:1]]
[2020.01.15-17.58.29:644][  0]LogConfig: Setting CVar [[r.EyeAdaptationQuality:2]]
[2020.01.15-17.58.29:644][  0]LogConfig: Setting CVar [[r.BloomQuality:5]]
[2020.01.15-17.58.29:644][  0]LogConfig: Setting CVar [[r.FastBlurThreshold:100]]
[2020.01.15-17.58.29:644][  0]LogConfig: Setting CVar [[r.Upscale.Quality:3]]
[2020.01.15-17.58.29:644][  0]LogConfig: Setting CVar [[r.Tonemapper.GrainQuantization:1]]
[2020.01.15-17.58.29:644][  0]LogConfig: Setting CVar [[r.LightShaftQuality:1]]
[2020.01.15-17.58.29:644][  0]LogConfig: Setting CVar [[r.Filter.SizeScale:1]]
[2020.01.15-17.58.29:644][  0]LogConfig: Setting CVar [[r.Tonemapper.Quality:5]]
[2020.01.15-17.58.29:644][  0]LogConfig: Setting CVar [[r.DOF.Gather.AccumulatorQuality:1        ; higher gathering accumulator quality]]
[2020.01.15-17.58.29:644][  0]LogConfig: Setting CVar [[r.DOF.Gather.PostfilterMethod:1          ; Median3x3 postfilering method]]
[2020.01.15-17.58.29:644][  0]LogConfig: Setting CVar [[r.DOF.Gather.EnableBokehSettings:0       ; no bokeh simulation when gathering]]
[2020.01.15-17.58.29:644][  0]LogConfig: Setting CVar [[r.DOF.Gather.RingCount:4                 ; medium number of samples when gathering]]
[2020.01.15-17.58.29:644][  0]LogConfig: Setting CVar [[r.DOF.Scatter.ForegroundCompositing:1    ; additive foreground scattering]]
[2020.01.15-17.58.29:644][  0]LogConfig: Setting CVar [[r.DOF.Scatter.BackgroundCompositing:2    ; additive background scattering]]
[2020.01.15-17.58.29:644][  0]LogConfig: Setting CVar [[r.DOF.Scatter.EnableBokehSettings:1      ; bokeh simulation when scattering]]
[2020.01.15-17.58.29:644][  0]LogConfig: Setting CVar [[r.DOF.Scatter.MaxSpriteRatio:0.1         ; only a maximum of 10% of scattered bokeh]]
[2020.01.15-17.58.29:644][  0]LogConfig: Setting CVar [[r.DOF.Recombine.Quality:1                ; cheap slight out of focus]]
[2020.01.15-17.58.29:644][  0]LogConfig: Setting CVar [[r.DOF.Recombine.EnableBokehSettings:0    ; no bokeh simulation on slight out of focus]]
[2020.01.15-17.58.29:644][  0]LogConfig: Setting CVar [[r.DOF.TemporalAAQuality:1                ; more stable temporal accumulation]]
[2020.01.15-17.58.29:644][  0]LogConfig: Setting CVar [[r.DOF.Kernel.MaxForegroundRadius:0.025]]
[2020.01.15-17.58.29:644][  0]LogConfig: Setting CVar [[r.DOF.Kernel.MaxBackgroundRadius:0.025]]
[2020.01.15-17.58.29:644][  0]LogConfig: Applying CVar settings from Section [TextureQuality@3] File [D:/PULPIT/studia/programowanie/UnrealEngine/NataliaNestorowicz/Saved/Config/Windows/Scalability.ini]
[2020.01.15-17.58.29:644][  0]LogConfig: Setting CVar [[r.Streaming.MipBias:0]]
[2020.01.15-17.58.29:644][  0]LogConfig: Setting CVar [[r.Streaming.AmortizeCPUToGPUCopy:0]]
[2020.01.15-17.58.29:644][  0]LogConfig: Setting CVar [[r.Streaming.MaxNumTexturesToStreamPerFrame:0]]
[2020.01.15-17.58.29:644][  0]LogConfig: Setting CVar [[r.Streaming.Boost:1]]
[2020.01.15-17.58.29:644][  0]LogConfig: Setting CVar [[r.MaxAnisotropy:8]]
[2020.01.15-17.58.29:644][  0]LogConfig: Setting CVar [[r.Streaming.LimitPoolSizeToVRAM:0]]
[2020.01.15-17.58.29:644][  0]LogConfig: Setting CVar [[r.Streaming.PoolSize:1000]]
[2020.01.15-17.58.29:644][  0]LogConfig: Setting CVar [[r.Streaming.MaxEffectiveScreenSize:0]]
[2020.01.15-17.58.29:644][  0]LogConfig: Applying CVar settings from Section [EffectsQuality@3] File [D:/PULPIT/studia/programowanie/UnrealEngine/NataliaNestorowicz/Saved/Config/Windows/Scalability.ini]
[2020.01.15-17.58.29:644][  0]LogConfig: Setting CVar [[r.TranslucencyLightingVolumeDim:64]]
[2020.01.15-17.58.29:644][  0]LogConfig: Setting CVar [[r.RefractionQuality:2]]
[2020.01.15-17.58.29:644][  0]LogConfig: Setting CVar [[r.SSR.Quality:3]]
[2020.01.15-17.58.29:644][  0]LogConfig: Setting CVar [[r.SceneColorFormat:4]]
[2020.01.15-17.58.29:644][  0]LogConfig: Setting CVar [[r.DetailMode:2]]
[2020.01.15-17.58.29:644][  0]LogConfig: Setting CVar [[r.TranslucencyVolumeBlur:1]]
[2020.01.15-17.58.29:644][  0]LogConfig: Setting CVar [[r.MaterialQualityLevel:1 ; High quality]]
[2020.01.15-17.58.29:644][  0]LogConfig: Setting CVar [[r.SSS.Scale:1]]
[2020.01.15-17.58.29:644][  0]LogConfig: Setting CVar [[r.SSS.SampleSet:2]]
[2020.01.15-17.58.29:644][  0]LogConfig: Setting CVar [[r.SSS.Quality:1]]
[2020.01.15-17.58.29:644][  0]LogConfig: Setting CVar [[r.SSS.HalfRes:1]]
[2020.01.15-17.58.29:645][  0]LogConfig: Setting CVar [[r.EmitterSpawnRateScale:1.0]]
[2020.01.15-17.58.29:645][  0]LogConfig: Setting CVar [[r.ParticleLightQuality:2]]
[2020.01.15-17.58.29:645][  0]LogConfig: Applying CVar settings from Section [FoliageQuality@3] File [D:/PULPIT/studia/programowanie/UnrealEngine/NataliaNestorowicz/Saved/Config/Windows/Scalability.ini]
[2020.01.15-17.58.29:645][  0]LogConfig: Setting CVar [[foliage.DensityScale:1.0]]
[2020.01.15-17.58.29:645][  0]LogConfig: Setting CVar [[grass.DensityScale:1.0]]
[2020.01.15-17.58.29:645][  0]LogConfig: Applying CVar settings from Section [Startup] File [../../../Engine/Config/ConsoleVariables.ini]
[2020.01.15-17.58.29:646][  0]LogConfig: Setting CVar [[net.UseAdaptiveNetUpdateFrequency:0]]
[2020.01.15-17.58.29:646][  0]LogConfig: Setting CVar [[p.chaos.AllowCreatePhysxBodies:1]]
[2020.01.15-17.58.29:646][  0]LogConfig: Applying CVar settings from Section [ConsoleVariables] File [D:/PULPIT/studia/programowanie/UnrealEngine/NataliaNestorowicz/Saved/Config/Windows/Engine.ini]
[2020.01.15-17.58.29:646][  0]LogInit: Computer: DESKTOP-CDH4FNG
[2020.01.15-17.58.29:646][  0]LogInit: User: MSI
[2020.01.15-17.58.29:646][  0]LogInit: CPU Page size=4096, Cores=4
[2020.01.15-17.58.29:646][  0]LogInit: High frequency timer resolution =10.000000 MHz
[2020.01.15-17.58.29:647][  0]LogMemory: Memory total: Physical=7.9GB (8GB approx)
[2020.01.15-17.58.29:647][  0]LogMemory: Platform Memory Stats for Windows
[2020.01.15-17.58.29:647][  0]LogMemory: Process Physical Memory: 97.04 MB used, 97.04 MB peak
[2020.01.15-17.58.29:647][  0]LogMemory: Process Virtual Memory: 89.21 MB used, 89.21 MB peak
[2020.01.15-17.58.29:647][  0]LogMemory: Physical Memory: 4865.01 MB used,  3212.67 MB free, 8077.68 MB total
[2020.01.15-17.58.29:647][  0]LogMemory: Virtual Memory: 4627.98 MB used,  134213096.00 MB free, 134217728.00 MB total
[2020.01.15-17.58.30:103][  0]LogInit: Using OS detected language (pl-PL).
[2020.01.15-17.58.30:103][  0]LogInit: Using OS detected locale (pl-PL).
[2020.01.15-17.58.30:108][  0]LogTextLocalizationManager: No specific localization for 'pl-PL' exists, so the 'pl' localization will be used.
[2020.01.15-17.58.30:109][  0]LogTextLocalizationResource: LocRes '../../../Engine/Content/Localization/Editor/pl/Editor.locres' could not be opened for reading!
[2020.01.15-17.58.30:109][  0]LogTextLocalizationResource: LocRes '../../../Engine/Content/Localization/EditorTutorials/pl/EditorTutorials.locres' could not be opened for reading!
[2020.01.15-17.58.30:109][  0]LogTextLocalizationResource: LocRes '../../../Engine/Content/Localization/Keywords/pl/Keywords.locres' could not be opened for reading!
[2020.01.15-17.58.30:109][  0]LogTextLocalizationResource: LocRes '../../../Engine/Content/Localization/Category/pl/Category.locres' could not be opened for reading!
[2020.01.15-17.58.30:109][  0]LogTextLocalizationResource: LocRes '../../../Engine/Content/Localization/ToolTips/pl/ToolTips.locres' could not be opened for reading!
[2020.01.15-17.58.30:110][  0]LogTextLocalizationResource: LocRes '../../../Engine/Content/Localization/PropertyNames/pl/PropertyNames.locres' could not be opened for reading!
[2020.01.15-17.58.30:110][  0]LogTextLocalizationResource: LocRes '../../../Engine/Content/Localization/Engine/pl/Engine.locres' could not be opened for reading!
[2020.01.15-17.58.30:117][  0]LogInit: Setting process to per monitor DPI aware
[2020.01.15-17.58.30:181][  0]LogSlate: New Slate User Created.  User Index 0, Is Virtual User: 0
[2020.01.15-17.58.30:181][  0]LogSlate: Slate User Registered.  User Index 0, Is Virtual User: 0
[2020.01.15-17.58.30:725][  0]LogHMD: Failed to initialize OpenVR with code 110
[2020.01.15-17.58.30:725][  0]LogD3D11RHI: D3D11 adapters:
[2020.01.15-17.58.30:870][  0]LogD3D11RHI:    0. 'NVIDIA GeForce MX150' (Feature Level 11_0)
[2020.01.15-17.58.30:870][  0]LogD3D11RHI:       1983/0/4038 MB DedicatedVideo/DedicatedSystem/SharedSystem, Outputs:1, VendorId:0x10de
[2020.01.15-17.58.30:887][  0]LogD3D11RHI:    1. 'Intel(R) HD Graphics 630' (Feature Level 11_0)
[2020.01.15-17.58.30:887][  0]LogD3D11RHI:       128/0/4038 MB DedicatedVideo/DedicatedSystem/SharedSystem, Outputs:0, VendorId:0x8086
[2020.01.15-17.58.30:892][  0]LogD3D11RHI:    2. 'Microsoft Basic Render Driver' (Feature Level 11_0)
[2020.01.15-17.58.30:892][  0]LogD3D11RHI:       0/0/4038 MB DedicatedVideo/DedicatedSystem/SharedSystem, Outputs:0, VendorId:0x1414
[2020.01.15-17.58.30:892][  0]LogD3D11RHI: Chosen D3D11 Adapter: 0
[2020.01.15-17.58.30:939][  0]LogD3D11RHI: Creating new Direct3DDevice
[2020.01.15-17.58.30:940][  0]LogD3D11RHI:     GPU DeviceId: 0x1d10 (for the marketing name, search the web for "GPU Device Id")
[2020.01.15-17.58.30:940][  0]LogWindows: EnumDisplayDevices:
[2020.01.15-17.58.30:940][  0]LogWindows:    0. 'Intel(R) HD Graphics 630' (P:1 D:1)
[2020.01.15-17.58.30:941][  0]LogWindows:    1. 'Intel(R) HD Graphics 630' (P:0 D:0)
[2020.01.15-17.58.30:941][  0]LogWindows:    2. 'Intel(R) HD Graphics 630' (P:0 D:0)
[2020.01.15-17.58.30:941][  0]LogWindows: DebugString: PrimaryIsNotTheChoosenAdapter PrimaryIsNotTheChoosenAdapter PrimaryIsNotTheChoosenAdapter FoundDriverCount:0 
[2020.01.15-17.58.30:941][  0]LogD3D11RHI:     Adapter Name: NVIDIA GeForce MX150
[2020.01.15-17.58.30:941][  0]LogD3D11RHI:   Driver Version: Unknown (internal:Unknown, unified:Unknown)
[2020.01.15-17.58.30:941][  0]LogD3D11RHI:      Driver Date: Unknown
[2020.01.15-17.58.30:942][  0]LogRHI: Texture pool is 1388 MB (70% of 1983 MB)
[2020.01.15-17.58.30:991][  0]LogD3D11RHI: Async texture creation enabled
[2020.01.15-17.58.30:995][  0]LogRendererCore: FGlobalReadBuffer::InitRHI
[2020.01.15-17.58.30:996][  0]LogRendererCore: FGlobalReadBuffer::InitRHI
[2020.01.15-17.58.30:996][  0]LogRendererCore: FGlobalReadBuffer::InitRHI
[2020.01.15-17.58.31:005][  0]LogD3D11RHI: GPU Timing Frequency: 1000.000000 (Debug: 2 1)
[2020.01.15-17.58.31:463][  0]LogTemp: Display: Module 'AllDesktopTargetPlatform' loaded TargetPlatform 'AllDesktop'
[2020.01.15-17.58.31:480][  0]LogTemp: Display: Module 'MacClientTargetPlatform' loaded TargetPlatform 'MacClient'
[2020.01.15-17.58.31:497][  0]LogTemp: Display: Module 'MacNoEditorTargetPlatform' loaded TargetPlatform 'MacNoEditor'
[2020.01.15-17.58.31:514][  0]LogTemp: Display: Module 'MacServerTargetPlatform' loaded TargetPlatform 'MacServer'
[2020.01.15-17.58.31:532][  0]LogTemp: Display: Module 'MacTargetPlatform' loaded TargetPlatform 'Mac'
[2020.01.15-17.58.31:551][  0]LogTemp: Display: Module 'WindowsClientTargetPlatform' loaded TargetPlatform 'WindowsClient'
[2020.01.15-17.58.31:569][  0]LogTemp: Display: Module 'WindowsNoEditorTargetPlatform' loaded TargetPlatform 'WindowsNoEditor'
[2020.01.15-17.58.31:586][  0]LogTemp: Display: Module 'WindowsServerTargetPlatform' loaded TargetPlatform 'WindowsServer'
[2020.01.15-17.58.31:596][  0]LogTemp: Display: Module 'WindowsTargetPlatform' loaded TargetPlatform 'Windows'
[2020.01.15-17.58.31:684][  0]LogTemp: Display: Module 'AndroidTargetPlatform' loaded TargetPlatform 'Android'
[2020.01.15-17.58.31:684][  0]LogTemp: Display: Module 'AndroidTargetPlatform' loaded TargetPlatform 'Android_ASTC'
[2020.01.15-17.58.31:684][  0]LogTemp: Display: Module 'AndroidTargetPlatform' loaded TargetPlatform 'Android_ATC'
[2020.01.15-17.58.31:684][  0]LogTemp: Display: Module 'AndroidTargetPlatform' loaded TargetPlatform 'Android_DXT'
[2020.01.15-17.58.31:684][  0]LogTemp: Display: Module 'AndroidTargetPlatform' loaded TargetPlatform 'Android_ETC1'
[2020.01.15-17.58.31:684][  0]LogTemp: Display: Module 'AndroidTargetPlatform' loaded TargetPlatform 'Android_ETC1a'
[2020.01.15-17.58.31:684][  0]LogTemp: Display: Module 'AndroidTargetPlatform' loaded TargetPlatform 'Android_ETC2'
[2020.01.15-17.58.31:684][  0]LogTemp: Display: Module 'AndroidTargetPlatform' loaded TargetPlatform 'Android_PVRTC'
[2020.01.15-17.58.31:684][  0]LogTemp: Display: Module 'AndroidTargetPlatform' loaded TargetPlatform 'AndroidClient'
[2020.01.15-17.58.31:684][  0]LogTemp: Display: Module 'AndroidTargetPlatform' loaded TargetPlatform 'Android_ASTCClient'
[2020.01.15-17.58.31:684][  0]LogTemp: Display: Module 'AndroidTargetPlatform' loaded TargetPlatform 'Android_ATCClient'
[2020.01.15-17.58.31:684][  0]LogTemp: Display: Module 'AndroidTargetPlatform' loaded TargetPlatform 'Android_DXTClient'
[2020.01.15-17.58.31:684][  0]LogTemp: Display: Module 'AndroidTargetPlatform' loaded TargetPlatform 'Android_ETC1Client'
[2020.01.15-17.58.31:684][  0]LogTemp: Display: Module 'AndroidTargetPlatform' loaded TargetPlatform 'Android_ETC1aClient'
[2020.01.15-17.58.31:684][  0]LogTemp: Display: Module 'AndroidTargetPlatform' loaded TargetPlatform 'Android_ETC2Client'
[2020.01.15-17.58.31:684][  0]LogTemp: Display: Module 'AndroidTargetPlatform' loaded TargetPlatform 'Android_PVRTCClient'
[2020.01.15-17.58.31:684][  0]LogTemp: Display: Module 'AndroidTargetPlatform' loaded TargetPlatform 'Android_Multi'
[2020.01.15-17.58.31:684][  0]LogTemp: Display: Module 'AndroidTargetPlatform' loaded TargetPlatform 'Android_MultiClient'
[2020.01.15-17.58.31:689][  0]LogTemp: Display: Module 'HTML5TargetPlatform' loaded TargetPlatform 'HTML5'
[2020.01.15-17.58.31:749][  0]LogTemp: Display: Module 'IOSTargetPlatform' loaded TargetPlatform 'IOSClient'
[2020.01.15-17.58.31:749][  0]LogTemp: Display: Module 'IOSTargetPlatform' loaded TargetPlatform 'IOS'
[2020.01.15-17.58.31:776][  0]LogTemp: Display: Module 'TVOSTargetPlatform' loaded TargetPlatform 'TVOSClient'
[2020.01.15-17.58.31:776][  0]LogTemp: Display: Module 'TVOSTargetPlatform' loaded TargetPlatform 'TVOS'
[2020.01.15-17.58.31:792][  0]LogTemp: Display: Module 'LinuxClientTargetPlatform' loaded TargetPlatform 'LinuxClient'
[2020.01.15-17.58.31:807][  0]LogTemp: Display: Module 'LinuxNoEditorTargetPlatform' loaded TargetPlatform 'LinuxNoEditor'
[2020.01.15-17.58.31:823][  0]LogTemp: Display: Module 'LinuxServerTargetPlatform' loaded TargetPlatform 'LinuxServer'
[2020.01.15-17.58.31:840][  0]LogTemp: Display: Module 'LinuxTargetPlatform' loaded TargetPlatform 'Linux'
[2020.01.15-17.58.31:887][  0]LogTemp: Display: Module 'LuminTargetPlatform' loaded TargetPlatform 'Lumin'
[2020.01.15-17.58.31:887][  0]LogTemp: Display: Module 'LuminTargetPlatform' loaded TargetPlatform 'LuminClient'
[2020.01.15-17.58.31:887][  0]LogTargetPlatformManager: Display: Building Assets For Windows
[2020.01.15-17.58.31:908][  0]LogAudioDebug: Display: Lib vorbis DLL was dynamically loaded.
[2020.01.15-17.58.32:027][  0]LogShaderCompilers: Guid format shader working directory is -18 characters bigger than the processId version (D:/PULPIT/studia/programowanie/UnrealEngine/NataliaNestorowicz/Intermediate/Shaders/WorkingDirectory/1264/).
[2020.01.15-17.58.32:027][  0]LogShaderCompilers: Cleaned the shader compiler working directory 'C:/Users/MSI/AppData/Local/Temp/UnrealShaderWorkingDir/CF04E1B2448F10B47AC3FEAE117B4A67/'.
[2020.01.15-17.58.32:032][  0]LogXGEController: Cleaning working directory: C:/Users/MSI/AppData/Local/Temp/UnrealXGEWorkingDir/
[2020.01.15-17.58.32:032][  0]LogXGEController: Cannot use XGE Controller as Incredibuild is not installed on this machine.
[2020.01.15-17.58.32:032][  0]LogShaderCompilers: Cannot use XGE Shader Compiler as Incredibuild is not installed on this machine.
[2020.01.15-17.58.32:032][  0]LogShaderCompilers: Display: Using Local Shader Compiler.
[2020.01.15-17.58.32:909][  0]LogDerivedDataCache: Display: Max Cache Size: 512 MB
[2020.01.15-17.58.33:126][  0]LogDerivedDataCache: Loaded boot cache 0.22s 72MB C:/Users/MSI/AppData/Local/UnrealEngine/4.22/DerivedDataCache/Boot.ddc.
[2020.01.15-17.58.33:126][  0]LogDerivedDataCache: Display: Loaded Boot cache: C:/Users/MSI/AppData/Local/UnrealEngine/4.22/DerivedDataCache/Boot.ddc
[2020.01.15-17.58.33:126][  0]LogDerivedDataCache: FDerivedDataBackendGraph:  Pak pak cache file D:/PULPIT/studia/programowanie/UnrealEngine/NataliaNestorowicz/DerivedDataCache/DDC.ddp not found, will not use a pak cache.
[2020.01.15-17.58.33:126][  0]LogDerivedDataCache: Unable to find inner node Pak for hierarchical cache Hierarchy.
[2020.01.15-17.58.33:126][  0]LogDerivedDataCache: FDerivedDataBackendGraph:  CompressedPak pak cache file D:/PULPIT/studia/programowanie/UnrealEngine/NataliaNestorowicz/DerivedDataCache/Compressed.ddp not found, will not use a pak cache.
[2020.01.15-17.58.33:126][  0]LogDerivedDataCache: Unable to find inner node CompressedPak for hierarchical cache Hierarchy.
[2020.01.15-17.58.33:142][  0]LogDerivedDataCache: Display: Pak cache opened for reading ../../../Engine/DerivedDataCache/Compressed.ddp.
[2020.01.15-17.58.33:143][  0]LogDerivedDataCache: FDerivedDataBackendGraph:  EnterprisePak pak cache file ../../../Enterprise/DerivedDataCache/Compressed.ddp not found, will not use a pak cache.
[2020.01.15-17.58.33:143][  0]LogDerivedDataCache: Unable to find inner node EnterprisePak for hierarchical cache Hierarchy.
[2020.01.15-17.58.33:155][  0]LogDerivedDataCache: Using Local data cache path C:/Users/MSI/AppData/Local/UnrealEngine/Common/DerivedDataCache: Writable
[2020.01.15-17.58.33:155][  0]LogDerivedDataCache: Shared data cache path not found in *engine.ini, will not use an Shared cache.
[2020.01.15-17.58.33:155][  0]LogDerivedDataCache: Unable to find inner node Shared for hierarchical cache Hierarchy.
[2020.01.15-17.58.33:189][  0]LogMaterial: Verifying Global Shaders for PCD3D_SM5
[2020.01.15-17.58.33:191][  0]LogSlate: Using FreeType 2.6.0
[2020.01.15-17.58.33:194][  0]LogSlate: SlateFontServices - WITH_FREETYPE: 1, WITH_HARFBUZZ: 1
[2020.01.15-17.58.33:458][  0]LogAssetRegistry: FAssetRegistry took 0.0354 seconds to start up
[2020.01.15-17.58.33:846][  0]LogInit: Selected Device Profile: [Windows]
[2020.01.15-17.58.34:039][  0]LogMeshReduction: Using QuadricMeshReduction for automatic static mesh reduction
[2020.01.15-17.58.34:039][  0]LogMeshReduction: Using SimplygonMeshReduction for automatic skeletal mesh reduction
[2020.01.15-17.58.34:040][  0]LogMeshReduction: Using ProxyLODMeshReduction for automatic mesh merging
[2020.01.15-17.58.34:040][  0]LogMeshReduction: No distributed automatic mesh merging module available
[2020.01.15-17.58.34:040][  0]LogMeshMerging: No distributed automatic mesh merging module available
[2020.01.15-17.58.34:058][  0]LogNetVersion: NataliaNestorowicz 1.0.0, NetCL: 5660361, EngineNetVer: 10, GameNetVer: 0 (Checksum: 2142977659)
[2020.01.15-17.58.34:565][  0]LogPackageLocalizationCache: Processed 10 localized package path(s) for 1 prioritized culture(s) in 0.028013 seconds
[2020.01.15-17.58.34:575][  0]LogUObjectArray: 42205 objects as part of root set at end of initial load.
[2020.01.15-17.58.34:575][  0]LogUObjectAllocator: 7325032 out of 0 bytes used by permanent object pool.
[2020.01.15-17.58.34:575][  0]LogUObjectArray: CloseDisregardForGC: 0/0 objects in disregard for GC pool
[2020.01.15-17.58.37:135][  0]LogTcpMessaging: Initializing TcpMessaging bridge
[2020.01.15-17.58.37:151][  0]LogUdpMessaging: Initializing bridge on interface 0.0.0.0:0 to multicast group 230.0.0.1:6666.
[2020.01.15-17.58.37:323][  0]SourceControl: Source control is disabled
[2020.01.15-17.58.37:323][  0]SourceControl: Source control is disabled
[2020.01.15-17.58.37:330][  0]SourceControl: Source control is disabled
[2020.01.15-17.58.37:335][  0]SourceControl: Source control is disabled
[2020.01.15-17.58.37:542][  0]LogAndroidPermission: UAndroidPermissionCallbackProxy::GetInstance
[2020.01.15-17.58.37:783][  0]LogOcInput: OculusInput pre-init called
[2020.01.15-17.58.38:713][  0]LogEngine: Initializing Engine...
[2020.01.15-17.58.38:714][  0]LogHMD: Failed to initialize OpenVR with code 110
[2020.01.15-17.58.38:715][  0]LogStats: UGameplayTagsManager::InitializeManager -  0.000 s
[2020.01.15-17.58.39:014][  0]LogInit: Initializing FReadOnlyCVARCache
[2020.01.15-17.58.39:050][  0]LogAIModule: Creating AISystem for world Untitled
[2020.01.15-17.58.39:088][  0]LogInit: XAudio2 using 'Głośniki (Realtek High Definition Audio)' : 2 channels at 48 kHz using 32 bits per sample (channel mask 0x3)
[2020.01.15-17.58.39:149][  0]LogInit: FAudioDevice initialized.
[2020.01.15-17.58.39:149][  0]LogNetVersion: Set ProjectVersion to 1.0.0.0. Version Checksum will be recalculated on next use.
[2020.01.15-17.58.39:269][  0]LogDerivedDataCache: Saved boot cache 0.12s 72MB C:/Users/MSI/AppData/Local/UnrealEngine/4.22/DerivedDataCache/Boot.ddc.
[2020.01.15-17.58.39:276][  0]LogInit: Texture streaming: Enabled
[2020.01.15-17.58.39:315][  0]LogEngineSessionManager: EngineSessionManager initialized
[2020.01.15-17.58.39:353][  0]LogInit: Transaction tracking system initialized
[2020.01.15-17.58.39:420][  0]BlueprintLog: New page: Editor Load
[2020.01.15-17.58.39:634][  0]LocalizationService: Localization service is disabled
[2020.01.15-17.58.40:160][  0]LogFileCache: Scanning file cache for directory 'D:/PULPIT/studia/programowanie/UnrealEngine/NataliaNestorowicz/Content/' took 0.02s
[2020.01.15-17.58.40:160][  0]LogCook: Display: Max memory allowance for cook 16384mb min free memory 0mb
[2020.01.15-17.58.40:161][  0]LogCook: Display: Mobile HDR setting 1
[2020.01.15-17.58.40:551][  0]SourceControl: Source control is disabled
[2020.01.15-17.58.40:551][  0]Cmd: MAP LOAD FILE="D:/PULPIT/studia/programowanie/UnrealEngine/NataliaNestorowicz/Content/FirstPersonBP/Maps/FirstPersonExampleMap.umap" TEMPLATE=0 SHOWPROGRESS=1 FEATURELEVEL=3
[2020.01.15-17.58.40:551][  0]LightingResults: New page: Lighting Build
[2020.01.15-17.58.40:557][  0]MapCheck: New page: Map Check
[2020.01.15-17.58.40:557][  0]LightingResults: New page: Lighting Build
[2020.01.15-17.58.40:583][  0]LogUObjectHash: Compacting FUObjectHashTables data took   1.56ms
[2020.01.15-17.58.40:983][  0]LogAIModule: Creating AISystem for world FirstPersonExampleMap
[2020.01.15-17.58.40:998][  0]LogEditorServer: Finished looking for orphan Actors (0.000 secs)
[2020.01.15-17.58.41:026][  0]LogUObjectHash: Compacting FUObjectHashTables data took   2.30ms
[2020.01.15-17.58.41:026][  0]Cmd: MAP CHECKDEP NOCLEARLOG
[2020.01.15-17.58.41:026][  0]MapCheck: Map check complete: 0 Error(s), 0 Warning(s), took 0,12ms to complete.
[2020.01.15-17.58.41:026][  0]LogFileHelpers: Loading map 'FirstPersonExampleMap' took 0.475
[2020.01.15-17.58.41:156][  0]LogSlate: Updating window title bar state: overlay mode, drag disabled, window buttons hidden, title bar hidden
[2020.01.15-17.58.41:165][  0]LogSlate: Updating window title bar state: overlay mode, drag disabled, window buttons hidden, title bar hidden
[2020.01.15-17.58.41:173][  0]LogSlate: Updating window title bar state: overlay mode, drag disabled, window buttons hidden, title bar hidden
[2020.01.15-17.58.41:181][  0]LogSlate: Updating window title bar state: overlay mode, drag disabled, window buttons hidden, title bar hidden
[2020.01.15-17.58.41:197][  0]LogCollectionManager: Loaded 0 collections in 0.002820 seconds
[2020.01.15-17.58.41:222][  0]LogFileCache: Scanning file cache for directory 'D:/PULPIT/studia/programowanie/UnrealEngine/NataliaNestorowicz/Saved/Collections/' took 0.01s
[2020.01.15-17.58.41:222][  0]LogFileCache: Scanning file cache for directory 'D:/PULPIT/studia/programowanie/UnrealEngine/NataliaNestorowicz/Content/Developers/MSI/Collections/' took 0.00s
[2020.01.15-17.58.41:222][  0]LogFileCache: Scanning file cache for directory 'D:/PULPIT/studia/programowanie/UnrealEngine/NataliaNestorowicz/Content/Collections/' took 0.00s
[2020.01.15-17.58.41:222][  0]LogCollectionManager: Rebuilt the GUID cache for 0 collections in 0.000013 seconds
[2020.01.15-17.58.41:231][  0]LogContentBrowser: Native class hierarchy populated in 0.0080 seconds. Added 2732 classes and 659 folders.
[2020.01.15-17.58.41:243][  0]LogContentBrowser: Native class hierarchy updated for 'WidgetCarousel' in 0.0003 seconds. Added 0 classes and 0 folders.
[2020.01.15-17.58.41:253][  0]LogPakFile: Registered encryption key '00000000000000000000000000000000': 0 pak files mounted, 0 remain pending
[2020.01.15-17.58.41:258][  0]LogPakFile: Registered encryption key '00000000000000000000000000000000': 0 pak files mounted, 0 remain pending
[2020.01.15-17.58.41:261][  0]LogPakFile: Registered encryption key '00000000000000000000000000000000': 0 pak files mounted, 0 remain pending
[2020.01.15-17.58.41:263][  0]LogPakFile: Registered encryption key '00000000000000000000000000000000': 0 pak files mounted, 0 remain pending
[2020.01.15-17.58.41:266][  0]LogPakFile: Registered encryption key '00000000000000000000000000000000': 0 pak files mounted, 0 remain pending
[2020.01.15-17.58.41:269][  0]LogPakFile: Registered encryption key '00000000000000000000000000000000': 0 pak files mounted, 0 remain pending
[2020.01.15-17.58.41:272][  0]LogPakFile: Registered encryption key '00000000000000000000000000000000': 0 pak files mounted, 0 remain pending
[2020.01.15-17.58.41:274][  0]LogPakFile: Registered encryption key '00000000000000000000000000000000': 0 pak files mounted, 0 remain pending
[2020.01.15-17.58.41:277][  0]LogPakFile: Registered encryption key '00000000000000000000000000000000': 0 pak files mounted, 0 remain pending
[2020.01.15-17.58.41:281][  0]LogPakFile: Registered encryption key '00000000000000000000000000000000': 0 pak files mounted, 0 remain pending
[2020.01.15-17.58.41:284][  0]LogPakFile: Registered encryption key '00000000000000000000000000000000': 0 pak files mounted, 0 remain pending
[2020.01.15-17.58.41:286][  0]LogPakFile: Registered encryption key '00000000000000000000000000000000': 0 pak files mounted, 0 remain pending
[2020.01.15-17.58.41:289][  0]LogPakFile: Registered encryption key '00000000000000000000000000000000': 0 pak files mounted, 0 remain pending
[2020.01.15-17.58.41:293][  0]LogPakFile: Registered encryption key '00000000000000000000000000000000': 0 pak files mounted, 0 remain pending
[2020.01.15-17.58.41:295][  0]LogPakFile: Registered encryption key '00000000000000000000000000000000': 0 pak files mounted, 0 remain pending
[2020.01.15-17.58.41:298][  0]LogPakFile: Registered encryption key '00000000000000000000000000000000': 0 pak files mounted, 0 remain pending
[2020.01.15-17.58.41:301][  0]LogPakFile: Registered encryption key '00000000000000000000000000000000': 0 pak files mounted, 0 remain pending
[2020.01.15-17.58.41:304][  0]LogPakFile: Registered encryption key '00000000000000000000000000000000': 0 pak files mounted, 0 remain pending
[2020.01.15-17.58.41:307][  0]LogPakFile: Registered encryption key '00000000000000000000000000000000': 0 pak files mounted, 0 remain pending
[2020.01.15-17.58.41:310][  0]LogPakFile: Registered encryption key '00000000000000000000000000000000': 0 pak files mounted, 0 remain pending
[2020.01.15-17.58.41:314][  0]LogPakFile: Registered encryption key '00000000000000000000000000000000': 0 pak files mounted, 0 remain pending
[2020.01.15-17.58.41:316][  0]LogPakFile: Registered encryption key '00000000000000000000000000000000': 0 pak files mounted, 0 remain pending
[2020.01.15-17.58.41:319][  0]LogPakFile: Registered encryption key '00000000000000000000000000000000': 0 pak files mounted, 0 remain pending
[2020.01.15-17.58.41:322][  0]LogPakFile: Registered encryption key '00000000000000000000000000000000': 0 pak files mounted, 0 remain pending
[2020.01.15-17.58.41:326][  0]LogPakFile: Registered encryption key '00000000000000000000000000000000': 0 pak files mounted, 0 remain pending
[2020.01.15-17.58.41:329][  0]LogPakFile: Registered encryption key '00000000000000000000000000000000': 0 pak files mounted, 0 remain pending
[2020.01.15-17.58.41:502][  0]LogContentBrowser: Native class hierarchy updated for 'AddContentDialog' in 0.0003 seconds. Added 0 classes and 0 folders.
[2020.01.15-17.58.41:513][  0]LogContentBrowser: Native class hierarchy updated for 'SceneOutliner' in 0.0003 seconds. Added 1 classes and 2 folders.
[2020.01.15-17.58.41:536][  0]LogSlate: Took 0.001313 seconds to synchronously load lazily loaded font '../../../Engine/Content/Slate/Fonts/Roboto-Regular.ttf' (155K)
[2020.01.15-17.58.41:540][  0]LogSlate: Took 0.001298 seconds to synchronously load lazily loaded font '../../../Engine/Content/Slate/Fonts/Roboto-Bold.ttf' (160K)
[2020.01.15-17.58.41:550][  0]LogSlate: Took 0.001385 seconds to synchronously load lazily loaded font '../../../Engine/Content/Editor/Slate/Fonts/FontAwesome.ttf' (139K)
[2020.01.15-17.58.41:647][  0]LogRenderer: Reallocating scene render targets to support 988x540 Format 10 NumSamples 1 (Frame:1).
[2020.01.15-17.58.41:834][  0]LogContentBrowser: Native class hierarchy updated for 'HierarchicalLODOutliner' in 0.0003 seconds. Added 0 classes and 0 folders.
[2020.01.15-17.58.41:834][  0]LogLoad: (Engine Initialization) Total time: 18.36 seconds
[2020.01.15-17.58.41:834][  0]LogLoad: (Engine Initialization) Total Blueprint compile time: 0.00 seconds
[2020.01.15-17.58.41:935][  0]LogEditorViewport: Clicking on Actor (LMB): StaticMeshActor (Floor)
[2020.01.15-17.58.42:020][  0]LogAssetRegistry: Asset discovery search completed in 8.5858 seconds
[2020.01.15-17.58.42:023][  0]LogCollectionManager: Rebuilt the object cache for 0 collections in 0.000000 seconds (found 0 objects)
[2020.01.15-17.58.42:023][  0]LogCollectionManager: Fixed up redirectors for 0 collections in 0.000063 seconds (updated 0 objects)
[2020.01.15-17.58.42:024][  0]LogContentStreaming: Texture pool size now 1000 MB
[2020.01.15-17.58.42:054][  0]LogSlate: Took 0.001513 seconds to synchronously load lazily loaded font '../../../Engine/Content/Slate/Fonts/Roboto-Light.ttf' (167K)
[2020.01.15-17.58.59:206][684]LogSlate: FSceneViewport::OnFocusLost() reason 0
[2020.01.15-17.58.59:383][688]LogActorFactory: Actor Factory created SM_Statue
[2020.01.15-17.59.01:716][899]LogActorFactory: Actor Factory created SM_Statue
[2020.01.15-17.59.06:169][292]LogSlate: FSceneViewport::OnFocusLost() reason 0
[2020.01.15-17.59.06:349][305]LogActorFactory: Actor Factory created SM_Statue
[2020.01.15-17.59.08:325][484]LogActorFactory: Actor Factory created SM_Statue
[2020.01.15-17.59.08:857][518]LogSlate: FSceneViewport::OnFocusLost() reason 0
[2020.01.15-17.59.09:005][528]LogActorFactory: Actor Factory created SM_Statue
[2020.01.15-17.59.11:072][722]LogActorFactory: Actor Factory created SM_Statue
[2020.01.15-17.59.11:770][789]LogEditorViewport: Clicking on Actor (LMB): StaticMeshActor (SM_Statue)
[2020.01.15-17.59.21:429][147]LogSlate: FSceneViewport::OnFocusLost() reason 0
[2020.01.15-17.59.25:245][511]LogEditorViewport: Clicking on Actor (LMB): StaticMeshActor (SM_Statue3)
[2020.01.15-17.59.34:218][777]LogSlate: FSceneViewport::OnFocusLost() reason 0
[2020.01.15-17.59.45:828][119]LogEditorViewport: Clicking on Actor (LMB): StaticMeshActor (Floor)
[2020.01.15-17.59.47:376][268]LogEditorViewport: Clicking on Actor (LMB): StaticMeshActor (Floor)
[2020.01.15-17.59.48:175][347]LogEditorViewport: Clicking on Actor (LMB): StaticMeshActor (SM_Statue2)
[2020.01.15-17.59.49:533][467]LogSlate: FSceneViewport::OnFocusLost() reason 0
[2020.01.15-18.00.02:604][733]LogEditorViewport: Clicking on Actor (LMB): StaticMeshActor (SM_TableRound3)
[2020.01.15-18.00.03:940][856]LogEditorViewport: Clicking on Actor (LMB): BP_Sky_Sphere_C (SkySphereBlueprint)
[2020.01.15-18.00.04:730][929]LogEditorViewport: Clicking on Actor (LMB): StaticMeshActor (SM_Statue)
[2020.01.15-18.00.12:927][710]LogEditorViewport: Clicking on Actor (LMB): BP_Sky_Sphere_C (SkySphereBlueprint)
[2020.01.15-18.00.17:402][120]LogSlate: FSceneViewport::OnFocusLost() reason 0
[2020.01.15-18.00.17:467][127]MapCheck: New page: Map Check
[2020.01.15-18.00.17:493][127]Cmd: MAP REBUILD ALLVISIBLE
[2020.01.15-18.00.17:493][127]LogEditorServer: Rebuildmap Clear paths rebuilt
[2020.01.15-18.00.17:562][127]LogUObjectHash: Compacting FUObjectHashTables data took   2.47ms
[2020.01.15-18.00.17:597][127]LogMaterial: Display: Missing cached shader map for material DebugViewMode MaterialTexCoordScale, compiling. 
[2020.01.15-18.00.17:616][127]LogMaterial: Display: Missing cached shader map for material DebugViewMode MaterialTexCoordScale, compiling. 
[2020.01.15-18.00.17:634][127]LogMaterial: Display: Missing cached shader map for material DebugViewMode MaterialTexCoordScale, compiling. 
[2020.01.15-18.00.17:651][127]LogMaterial: Display: Missing cached shader map for material DebugViewMode MaterialTexCoordScale, compiling. 
[2020.01.15-18.00.17:666][127]LogMaterial: Display: Missing cached shader map for material DebugViewMode MaterialTexCoordScale, compiling. 
[2020.01.15-18.00.17:681][127]LogMaterial: Display: Missing cached shader map for material DebugViewMode MaterialTexCoordScale, compiling. 
[2020.01.15-18.00.17:703][127]LogMaterial: Display: Missing cached shader map for material DebugViewMode MaterialTexCoordScale, compiling. 
[2020.01.15-18.00.17:733][127]LogMaterial: Display: Missing cached shader map for material DebugViewMode MaterialTexCoordScale, compiling. 
[2020.01.15-18.00.17:761][127]LogMaterial: Display: Missing cached shader map for material DebugViewMode MaterialTexCoordScale, compiling. 
[2020.01.15-18.00.17:781][127]LogMaterial: Display: Missing cached shader map for material DebugViewMode MaterialTexCoordScale, compiling. 
[2020.01.15-18.00.19:904][127]LogShaderCompilers: Display: Shaders left to compile 10
[2020.01.15-18.00.19:904][127]TextureStreamingBuild: Display: Compiling optional shaders took 2.321 seconds.
[2020.01.15-18.00.19:933][127]LogLevel: Display: Export Material TexCoord Scales took 0.029 seconds.
[2020.01.15-18.00.19:954][127]TextureStreamingBuild: Display: Build Texture Streaming took 0.021 seconds.
[2020.01.15-18.00.19:996][127]LogUObjectHash: Compacting FUObjectHashTables data took   0.99ms
[2020.01.15-18.00.19:997][127]LightingResults: New page: Lighting Build - 15 sty 2020, 20:00:19
[2020.01.15-18.00.20:059][127]LogSwarmInterface: [OpenConnection] Registering TCP channel ...
[2020.01.15-18.00.20:188][127]LogSwarmInterface: [OpenConnection] Connecting to agent ...
[2020.01.15-18.00.20:212][127]LogSwarmInterface: [TryOpenConnection] Testing the Agent
[2020.01.15-18.00.21:238][127]LogSwarmInterface: [TryOpenConnection] Opening Connection to Agent
[2020.01.15-18.00.21:238][127]LogSwarmInterface: [TryOpenConnection] Local Process ID is 1264
[2020.01.15-18.00.32:607][127]LogStaticLightingSystem: Warning: No importance volume found, so the scene bounding box was used.  You can optimize your scene's quality and lighting build times by adding importance volumes.
[2020.01.15-18.00.32:607][127]LogStaticLightingSystem: Running Lightmass w/ ImmediateImport mode ENABLED
[2020.01.15-18.00.32:607][127]LogStaticLightingSystem: Running Lightmass w/ ImmediateProcess mode ENABLED
[2020.01.15-18.00.32:607][127]LogStaticLightingSystem: Running Lightmass w/ Sorting mode ENABLED
[2020.01.15-18.00.32:607][127]LogStaticLightingSystem: Running Lightmass w/ Mapping paddings ENABLED
[2020.01.15-18.00.32:607][127]LogStaticLightingSystem: Running Lightmass w/ Mapping debug paddings DISABLED
[2020.01.15-18.00.33:222][127]Cmd: MAP CHECK DONTDISPLAYDIALOG
[2020.01.15-18.00.33:222][127]MapCheck: New page: FirstPersonExampleMap - 15 sty 2020, 20:00:33
[2020.01.15-18.00.33:222][127]MapCheck: Error: WorldInfo_0 Maps need lighting rebuilt 
[2020.01.15-18.00.33:223][127]MapCheck: Map check complete: 1 Error(s), 0 Warning(s), took 0,632ms to complete.
[2020.01.15-18.00.33:246][127]LogEditorBuildUtils: Build time 0:15
[2020.01.15-18.00.33:357][128]LogMaterial: Display: Missing cached shader map for material FLightmassMaterialRenderer M_StatueGlass, compiling. 
[2020.01.15-18.00.33:377][128]LogMaterial: Display: Missing cached shader map for material FLightmassMaterialRenderer M_StatueGlass, compiling. 
[2020.01.15-18.00.33:454][129]LogMaterial: Display: Missing cached shader map for material FLightmassMaterialRenderer M_Statue, compiling. 
[2020.01.15-18.00.33:473][129]LogMaterial: Display: Missing cached shader map for material FLightmassMaterialRenderer M_Statue, compiling. 
[2020.01.15-18.00.34:638][137]LogUObjectHash: Compacting FUObjectHashTables data took   1.48ms
[2020.01.15-18.00.36:964][227]LogSlate: Window 'Message Log' being destroyed
[2020.01.15-18.00.36:980][227]LogSlate: Window 'Message Log' being destroyed
[2020.01.15-18.01.05:410][538]Job is a success!
[2020.01.15-18.01.05:814][539]LogSlate: Took 0.000249 seconds to synchronously load lazily loaded font '../../../Engine/Content/Slate/Fonts/Roboto-Light.ttf' (167K)
[2020.01.15-18.01.05:971][539]LogVolumetricLightmapImport: Imported Volumetric Lightmap in 0.020s
[2020.01.15-18.01.05:972][539]LogVolumetricLightmapImport:      Indirection Texture 16x16x16 = 0.0Mb
[2020.01.15-18.01.05:972][539]LogVolumetricLightmapImport:      BrickData 30x5x5 = 0.0Mb (trimmed 0.0Mb due to 0.010000 MinBrickError)
[2020.01.15-18.01.05:972][539]LogVolumetricLightmapImport:      Bricks at Level
[2020.01.15-18.01.05:972][539]LogVolumetricLightmapImport:          0: 16.7% covering 100.0% of volume
[2020.01.15-18.01.05:972][539]LogVolumetricLightmapImport:          1: 16.7% covering 1.6% of volume
[2020.01.15-18.01.05:972][539]LogVolumetricLightmapImport:          2: 66.7% covering 0.1% of volume
[2020.01.15-18.01.08:631][539]LogTexture: Display: Building textures: SkyOcclusion1_1 (AutoDXT, 2048X1024)
[2020.01.15-18.01.08:631][539]LogTexture: Display: Building textures: HQ_Lightmap1_1 (AutoDXT, 2048X2048)
[2020.01.15-18.01.08:632][539]LogTexture: Display: Building textures: LQ_Lightmap_1_1 (DXT1, 2048X2048)
[2020.01.15-18.01.08:632][539]LogTexture: Display: Building textures: SkyOcclusion1_2 (AutoDXT, 2048X1024)
[2020.01.15-18.01.08:632][539]LogTexture: Display: Building textures: HQ_Lightmap1_2 (AutoDXT, 2048X2048)
[2020.01.15-18.01.08:632][539]LogTexture: Display: Building textures: LQ_Lightmap_1_2 (DXT1, 2048X2048)
[2020.01.15-18.01.08:632][539]LogTexture: Display: Building textures: SkyOcclusion1_3 (AutoDXT, 64X32)
[2020.01.15-18.01.08:632][539]LogTexture: Display: Building textures: HQ_Lightmap1_3 (AutoDXT, 64X64)
[2020.01.15-18.01.08:632][539]LogTexture: Display: Building textures: LQ_Lightmap_1_3 (DXT1, 64X64)
[2020.01.15-18.01.08:832][539]LogTexture: Display: Building textures: ShadowMapTexture2D_9 (G8, 32X32)
[2020.01.15-18.01.08:832][539]LogTexture: Display: Building textures: ShadowMapTexture2D_8 (G8, 1024X128)
[2020.01.15-18.01.09:192][539]LogTexture: Display: Building textures: ShadowMapTexture2D_7 (G8, 1024X1024)
[2020.01.15-18.01.09:192][539]LogTexture: Display: Building textures: ShadowMapTexture2D_6 (G8, 1024X1024)
[2020.01.15-18.01.09:192][539]LogTexture: Display: Building textures: ShadowMapTexture2D_5 (G8, 1024X1024)
[2020.01.15-18.01.09:340][539]Lightmass on DESKTOP-CDH4FNG: 33.8 sec total, 224 ms importing, 56 ms setup, 2.29 sec photons, 31.1 sec processing, 0 ms extra exporting [19/19 mappings]. Threads: 3:38 min total, 1:15 min processing.
[2020.01.15-18.01.09:344][539]LogStaticLightingSystem: FirstPersonExampleMap_BuiltData storing lightmap data for 19 meshes in 5 LightmapResourceClusters (3.8 Meshes per cluster).
[2020.01.15-18.01.09:378][539]LogUObjectHash: Compacting FUObjectHashTables data took   1.52ms
[2020.01.15-18.01.09:393][539]LogStaticLightingSystem: Illumination: 49.3 sec (2.42 sec encoding lightmaps, 558 ms encoding shadowmaps)
[2020.01.15-18.01.09:393][539]LogStaticLightingSystem: Lightmap texture memory:  21.3 MB (21.3 MB streaming, 0.0 MB non-streaming), 6 textures
[2020.01.15-18.01.09:393][539]LogStaticLightingSystem: Shadowmap texture memory: 4.2 MB (4.2 MB streaming, 0.0 MB non-streaming), 5 textures
[2020.01.15-18.01.09:643][539]DumpUnbuiltLightIteractions
[2020.01.15-18.01.09:643][539]Lights with unbuilt interactions: 0
[2020.01.15-18.01.09:643][539]
[2020.01.15-18.01.09:643][539]Primitives with unbuilt interactions: 0
[2020.01.15-18.01.09:994][540]Cmd: MAP CHECK NOTIFYRESULTS
[2020.01.15-18.01.09:995][540]MapCheck: New page: FirstPersonExampleMap - 15 sty 2020, 20:01:09
[2020.01.15-18.01.09:995][540]MapCheck: Map check complete: 0 Error(s), 0 Warning(s), took 0,829ms to complete.
[2020.01.15-18.03.55:351][579]LogUObjectHash: Compacting FUObjectHashTables data took   1.59ms
[2020.01.15-18.03.56:769][579]LogSlate: Window 'Delete Assets' being destroyed
[2020.01.15-18.03.56:869][579]LogUObjectHash: Compacting FUObjectHashTables data took   1.11ms
